2025-10-24 23:03:45,955 [INFO] 
============================================================
2025-10-24 23:03:45,955 [INFO] STARTING COMPLETE PIPELINE
2025-10-24 23:03:45,955 [INFO] ============================================================

2025-10-24 23:03:45,955 [INFO] 
Step: Environment Setup
2025-10-24 23:03:45,955 [INFO] ============================================================
2025-10-24 23:03:45,955 [INFO] Checking environment...
2025-10-24 23:03:45,955 [INFO] 
============================================================
Installing requirements
============================================================
2025-10-24 23:03:50,219 [INFO] 
Step: Data Preprocessing
2025-10-24 23:03:50,219 [INFO] ============================================================
2025-10-24 23:03:50,220 [INFO] Verifying data structure...
2025-10-24 23:03:50,224 [INFO] 
============================================================
Preprocessing Data
============================================================
2025-10-24 23:04:34,372 [INFO] 
Step: Model Training
2025-10-24 23:04:34,372 [INFO] ============================================================
2025-10-24 23:04:34,372 [INFO] 
============================================================
Training Model
============================================================
2025-10-24 23:17:47,111 [INFO] 
============================================================
2025-10-24 23:17:47,111 [INFO] Total duration: 841.2 seconds
2025-10-24 23:17:47,111 [INFO] ============================================================

2025-10-24 23:21:27,954 [INFO] 
============================================================
2025-10-24 23:21:27,954 [INFO] STARTING COMPLETE PIPELINE
2025-10-24 23:21:27,954 [INFO] ============================================================

2025-10-24 23:21:27,954 [INFO] 
Step: Environment Setup
2025-10-24 23:21:27,954 [INFO] ============================================================
2025-10-24 23:21:27,954 [INFO] Checking environment...
2025-10-24 23:21:27,954 [INFO] 
============================================================
Installing requirements
============================================================
2025-10-24 23:21:30,365 [INFO] ✓ Environment ready
2025-10-24 23:21:30,365 [INFO] 
Step: Data Preprocessing
2025-10-24 23:21:30,365 [INFO] ============================================================
2025-10-24 23:21:30,365 [INFO] Verifying data structure...
2025-10-24 23:21:30,365 [INFO] ✓ Data structure verified
2025-10-24 23:21:30,365 [INFO] 
============================================================
Preprocessing Data
============================================================
2025-10-24 23:22:05,449 [INFO] 
Step: Model Training
2025-10-24 23:22:05,449 [INFO] ============================================================
2025-10-24 23:22:05,449 [INFO] 
============================================================
Training Model
============================================================
